{
  "stats": {
    "suites": 3,
    "tests": 2,
    "passes": 2,
    "pending": 0,
    "failures": 0,
    "start": "2023-12-03T18:31:09.491Z",
    "end": "2023-12-03T18:31:10.622Z",
    "duration": 1131,
    "testsRegistered": 2,
    "passPercent": 100,
    "pendingPercent": 0,
    "other": 0,
    "hasOther": false,
    "skipped": 0,
    "hasSkipped": false
  },
  "results": [
    {
      "uuid": "428a56fa-e8f8-4125-90e7-1c28c44ff0b6",
      "title": "",
      "fullFile": "G:\\Утилиты\\Pytnon\\JS\\Betsy\\my_mocha_chai_api_tests\\src\\tests\\coingecko\\exchanges.test.js",
      "file": "\\src\\tests\\coingecko\\exchanges.test.js",
      "beforeHooks": [],
      "afterHooks": [],
      "tests": [],
      "suites": [
        {
          "uuid": "55fb33c3-b86a-479b-b523-d59c0caf792a",
          "title": "[COINGECKO][SUITE_1_0]: Exchanges",
          "fullFile": "G:\\Утилиты\\Pytnon\\JS\\Betsy\\my_mocha_chai_api_tests\\src\\tests\\coingecko\\exchanges.test.js",
          "file": "\\src\\tests\\coingecko\\exchanges.test.js",
          "beforeHooks": [],
          "afterHooks": [],
          "tests": [],
          "suites": [
            {
              "uuid": "765b459d-a368-4f9d-82c8-4cd7808e6d89",
              "title": "Positive cases",
              "fullFile": "G:\\Утилиты\\Pytnon\\JS\\Betsy\\my_mocha_chai_api_tests\\src\\tests\\coingecko\\exchanges.test.js",
              "file": "\\src\\tests\\coingecko\\exchanges.test.js",
              "beforeHooks": [],
              "afterHooks": [],
              "tests": [],
              "suites": [
                {
                  "uuid": "93825056-e553-441c-ac85-b180a33865e7",
                  "title": "Get 5 exchanges on 1 page",
                  "fullFile": "G:\\Утилиты\\Pytnon\\JS\\Betsy\\my_mocha_chai_api_tests\\src\\tests\\coingecko\\exchanges.test.js",
                  "file": "\\src\\tests\\coingecko\\exchanges.test.js",
                  "beforeHooks": [
                    {
                      "title": "\"before all\" hook in \"Get 5 exchanges on 1 page\"",
                      "fullTitle": "[COINGECKO][SUITE_1_0]: Exchanges Positive cases Get 5 exchanges on 1 page \"before all\" hook in \"Get 5 exchanges on 1 page\"",
                      "timedOut": false,
                      "duration": 1124,
                      "state": null,
                      "speed": null,
                      "pass": false,
                      "fail": false,
                      "pending": false,
                      "context": null,
                      "code": "let exchanges = await coingecko.getExchanges({\n  requestConfig: {\n    params: {\n      per_page: EXCHANGES_COUNT,\n      page: PAGE_NUMBER,\n    },\n  },\n});\nTestExchanges = new ExchangesTestClass(exchanges);",
                      "err": {},
                      "uuid": "a138bef1-c8a6-4d44-9e3d-b026aebdb90a",
                      "parentUUID": "93825056-e553-441c-ac85-b180a33865e7",
                      "isHook": true,
                      "skipped": false
                    }
                  ],
                  "afterHooks": [],
                  "tests": [
                    {
                      "title": "[TEST_1_0]: Request code is 200",
                      "fullTitle": "[COINGECKO][SUITE_1_0]: Exchanges Positive cases Get 5 exchanges on 1 page [TEST_1_0]: Request code is 200",
                      "timedOut": false,
                      "duration": 1,
                      "state": "passed",
                      "speed": "fast",
                      "pass": true,
                      "fail": false,
                      "pending": false,
                      "context": null,
                      "code": "TestExchanges.testCode();",
                      "err": {},
                      "uuid": "5459f2c1-9d82-4458-9a6e-a8c1ab7d0b0d",
                      "parentUUID": "93825056-e553-441c-ac85-b180a33865e7",
                      "isHook": false,
                      "skipped": false
                    },
                    {
                      "title": "[TEST_1_1]: The answer contains 5 exchanges",
                      "fullTitle": "[COINGECKO][SUITE_1_0]: Exchanges Positive cases Get 5 exchanges on 1 page [TEST_1_1]: The answer contains 5 exchanges",
                      "timedOut": false,
                      "duration": 0,
                      "state": "passed",
                      "speed": "fast",
                      "pass": true,
                      "fail": false,
                      "pending": false,
                      "context": null,
                      "code": "TestExchanges.testLength();",
                      "err": {},
                      "uuid": "3ecb9204-cc76-40fe-a87c-5021820a174b",
                      "parentUUID": "93825056-e553-441c-ac85-b180a33865e7",
                      "isHook": false,
                      "skipped": false
                    }
                  ],
                  "suites": [],
                  "passes": [
                    "5459f2c1-9d82-4458-9a6e-a8c1ab7d0b0d",
                    "3ecb9204-cc76-40fe-a87c-5021820a174b"
                  ],
                  "failures": [],
                  "pending": [],
                  "skipped": [],
                  "duration": 1,
                  "root": false,
                  "rootEmpty": false,
                  "_timeout": 3000
                }
              ],
              "passes": [],
              "failures": [],
              "pending": [],
              "skipped": [],
              "duration": 0,
              "root": false,
              "rootEmpty": false,
              "_timeout": 3000
            }
          ],
          "passes": [],
          "failures": [],
          "pending": [],
          "skipped": [],
          "duration": 0,
          "root": false,
          "rootEmpty": false,
          "_timeout": 3000
        }
      ],
      "passes": [],
      "failures": [],
      "pending": [],
      "skipped": [],
      "duration": 0,
      "root": true,
      "rootEmpty": true,
      "_timeout": 3000
    }
  ],
  "meta": {
    "mocha": {
      "version": "10.2.0"
    },
    "mochawesome": {
      "options": {
        "quiet": false,
        "reportFilename": "mochawesome",
        "saveHtml": true,
        "saveJson": true,
        "consoleReporter": "spec",
        "useInlineDiffs": false,
        "code": true
      },
      "version": "7.1.3"
    },
    "marge": {
      "options": null,
      "version": "6.2.0"
    }
  }
}