{
  "stats": {
    "suites": 3,
    "tests": 2,
    "passes": 2,
    "pending": 0,
    "failures": 0,
    "start": "2023-11-29T06:13:25.759Z",
    "end": "2023-11-29T06:13:27.051Z",
    "duration": 1292,
    "testsRegistered": 2,
    "passPercent": 100,
    "pendingPercent": 0,
    "other": 0,
    "hasOther": false,
    "skipped": 0,
    "hasSkipped": false
  },
  "results": [
    {
      "uuid": "5fda06a4-73bc-4f4e-b371-ea95c1704754",
      "title": "",
      "fullFile": "G:\\Утилиты\\Pytnon\\JS\\Betsy\\my_mocha_chai_api_tests\\src\\tests\\coingecko\\exchanges.test.js",
      "file": "\\src\\tests\\coingecko\\exchanges.test.js",
      "beforeHooks": [],
      "afterHooks": [],
      "tests": [],
      "suites": [
        {
          "uuid": "cc8b3d44-a668-4f0c-8563-339d43b8f7ab",
          "title": "[COINGECKO][SUITE_1_0]: Exchanges",
          "fullFile": "G:\\Утилиты\\Pytnon\\JS\\Betsy\\my_mocha_chai_api_tests\\src\\tests\\coingecko\\exchanges.test.js",
          "file": "\\src\\tests\\coingecko\\exchanges.test.js",
          "beforeHooks": [],
          "afterHooks": [],
          "tests": [],
          "suites": [
            {
              "uuid": "aad5c216-f198-4ff1-993e-55c36bd40226",
              "title": "Positive cases",
              "fullFile": "G:\\Утилиты\\Pytnon\\JS\\Betsy\\my_mocha_chai_api_tests\\src\\tests\\coingecko\\exchanges.test.js",
              "file": "\\src\\tests\\coingecko\\exchanges.test.js",
              "beforeHooks": [],
              "afterHooks": [],
              "tests": [],
              "suites": [
                {
                  "uuid": "81e122cd-e54a-4522-9801-6cc89512726f",
                  "title": "Get 5 exchanges on 1 page",
                  "fullFile": "G:\\Утилиты\\Pytnon\\JS\\Betsy\\my_mocha_chai_api_tests\\src\\tests\\coingecko\\exchanges.test.js",
                  "file": "\\src\\tests\\coingecko\\exchanges.test.js",
                  "beforeHooks": [
                    {
                      "title": "\"before all\" hook in \"Get 5 exchanges on 1 page\"",
                      "fullTitle": "[COINGECKO][SUITE_1_0]: Exchanges Positive cases Get 5 exchanges on 1 page \"before all\" hook in \"Get 5 exchanges on 1 page\"",
                      "timedOut": false,
                      "duration": 1283,
                      "state": null,
                      "speed": null,
                      "pass": false,
                      "fail": false,
                      "pending": false,
                      "context": null,
                      "code": "let exchanges = await coingecko.getExchanges({\n  requestConfig: {\n    params: {\n      per_page: EXCHANGES_COUNT,\n      page: PAGE_NUMBER,\n    },\n  },\n});\nTestExchanges = new ExchangesTestClass(exchanges);",
                      "err": {},
                      "uuid": "1ddc7d70-bbfa-4d81-9d6d-969eacf796d9",
                      "parentUUID": "81e122cd-e54a-4522-9801-6cc89512726f",
                      "isHook": true,
                      "skipped": false
                    }
                  ],
                  "afterHooks": [],
                  "tests": [
                    {
                      "title": "[TEST_1_0]: Request code is 200",
                      "fullTitle": "[COINGECKO][SUITE_1_0]: Exchanges Positive cases Get 5 exchanges on 1 page [TEST_1_0]: Request code is 200",
                      "timedOut": false,
                      "duration": 2,
                      "state": "passed",
                      "speed": "fast",
                      "pass": true,
                      "fail": false,
                      "pending": false,
                      "context": null,
                      "code": "TestExchanges.testCode();",
                      "err": {},
                      "uuid": "e834fd77-a5ea-47b8-9e05-966d6c8c742b",
                      "parentUUID": "81e122cd-e54a-4522-9801-6cc89512726f",
                      "isHook": false,
                      "skipped": false
                    },
                    {
                      "title": "[TEST_1_1]: The answer contains 5 exchanges",
                      "fullTitle": "[COINGECKO][SUITE_1_0]: Exchanges Positive cases Get 5 exchanges on 1 page [TEST_1_1]: The answer contains 5 exchanges",
                      "timedOut": false,
                      "duration": 0,
                      "state": "passed",
                      "speed": "fast",
                      "pass": true,
                      "fail": false,
                      "pending": false,
                      "context": null,
                      "code": "TestExchanges.testLength();",
                      "err": {},
                      "uuid": "f34a533f-e019-4b04-baf6-599223c3fdb1",
                      "parentUUID": "81e122cd-e54a-4522-9801-6cc89512726f",
                      "isHook": false,
                      "skipped": false
                    }
                  ],
                  "suites": [],
                  "passes": [
                    "e834fd77-a5ea-47b8-9e05-966d6c8c742b",
                    "f34a533f-e019-4b04-baf6-599223c3fdb1"
                  ],
                  "failures": [],
                  "pending": [],
                  "skipped": [],
                  "duration": 2,
                  "root": false,
                  "rootEmpty": false,
                  "_timeout": 3000
                }
              ],
              "passes": [],
              "failures": [],
              "pending": [],
              "skipped": [],
              "duration": 0,
              "root": false,
              "rootEmpty": false,
              "_timeout": 3000
            }
          ],
          "passes": [],
          "failures": [],
          "pending": [],
          "skipped": [],
          "duration": 0,
          "root": false,
          "rootEmpty": false,
          "_timeout": 3000
        }
      ],
      "passes": [],
      "failures": [],
      "pending": [],
      "skipped": [],
      "duration": 0,
      "root": true,
      "rootEmpty": true,
      "_timeout": 3000
    }
  ],
  "meta": {
    "mocha": {
      "version": "10.2.0"
    },
    "mochawesome": {
      "options": {
        "quiet": false,
        "reportFilename": "mochawesome",
        "saveHtml": true,
        "saveJson": true,
        "consoleReporter": "spec",
        "useInlineDiffs": false,
        "code": true
      },
      "version": "7.1.3"
    },
    "marge": {
      "options": null,
      "version": "6.2.0"
    }
  }
}